ISim log file
Running: /home/ekorletey/first_presentation/Example1_isim_beh.exe -intstyle ise -gui -tclbatch isim.cmd -wdb /home/ekorletey/first_presentation/Example1_isim_beh.wdb 
ISim P.20131013 (signature 0xfbc00daa)
This is a Full version of ISim.
Time resolution is 1 ps
# onerror resume
# wave add /
# run 1000 ns
Simulator is doing circuit initialization process.
Finished circuit initialization process.
# exit 0
# isim force add /example1/clock 0 -radix bin -value 1 -radix bin -time 250 ns -repeat 500 ns
# run 1.00us
# isim force add /example1/clear 1 -radix bin
# isim force add /example1/sumload 0 -radix bin
# isim force add /example1/ncount 0 -radix bin
# isim force add /example1/nload 0 -radix bin
# isim force add /example1/outdone 0 -radix bin
# run 1.00us
# isim force add /example1/clear 0 -radix bin
# isim force add /example1/nload 1 -radix bin
# isim force add /example1/input 10111100 -radix bin
# run 1.00us
# exit 0
